c:\users\khaled\desktop\test\stellar\x64\debug\aimbot.obj
c:\users\khaled\desktop\test\stellar\x64\debug\anti_attach.obj
c:\users\khaled\desktop\test\stellar\x64\debug\anti_debugger.obj
c:\users\khaled\desktop\test\stellar\x64\debug\anti_dump.obj
c:\users\khaled\desktop\test\stellar\x64\debug\anti_lock.obj
c:\users\khaled\desktop\test\stellar\x64\debug\blowfish.obj
c:\users\khaled\desktop\test\stellar\x64\debug\detours.obj
c:\users\khaled\desktop\test\stellar\x64\debug\driver.obj
c:\users\khaled\desktop\test\stellar\x64\debug\drv_image.obj
c:\users\khaled\desktop\test\stellar\x64\debug\esp.obj
c:\users\khaled\desktop\test\stellar\x64\debug\filler.obj
c:\users\khaled\desktop\test\stellar\x64\debug\globals.obj
c:\users\khaled\desktop\test\stellar\x64\debug\imgui.obj
c:\users\khaled\desktop\test\stellar\x64\debug\imgui_combo.obj
c:\users\khaled\desktop\test\stellar\x64\debug\imgui_demo.obj
c:\users\khaled\desktop\test\stellar\x64\debug\imgui_draw.obj
c:\users\khaled\desktop\test\stellar\x64\debug\imgui_freetype.obj
c:\users\khaled\desktop\test\stellar\x64\debug\imgui_impl_dx11.obj
c:\users\khaled\desktop\test\stellar\x64\debug\imgui_impl_win32.obj
c:\users\khaled\desktop\test\stellar\x64\debug\imgui_tables.obj
c:\users\khaled\desktop\test\stellar\x64\debug\imgui_toggle.obj
c:\users\khaled\desktop\test\stellar\x64\debug\imgui_toggle_palette.obj
c:\users\khaled\desktop\test\stellar\x64\debug\imgui_toggle_presets.obj
c:\users\khaled\desktop\test\stellar\x64\debug\imgui_toggle_renderer.obj
c:\users\khaled\desktop\test\stellar\x64\debug\imgui_widgets.obj
c:\users\khaled\desktop\test\stellar\x64\debug\integrity_check.obj
c:\users\khaled\desktop\test\stellar\x64\debug\kernel_ctx.obj
c:\users\khaled\desktop\test\stellar\x64\debug\kill_process.obj
c:\users\khaled\desktop\test\stellar\x64\debug\main.obj
c:\users\khaled\desktop\test\stellar\x64\debug\node_protect.obj
c:\users\khaled\desktop\test\stellar\x64\debug\ntapi.obj
c:\users\khaled\desktop\test\stellar\x64\debug\overlay.obj
c:\users\khaled\desktop\test\stellar\x64\debug\pe_header.obj
c:\users\khaled\desktop\test\stellar\x64\debug\protectmain.obj
c:\users\khaled\desktop\test\stellar\x64\debug\remap.obj
c:\users\khaled\desktop\test\stellar\x64\debug\selfcode.obj
c:\users\khaled\desktop\test\stellar\x64\debug\sha256.obj
c:\users\khaled\desktop\test\stellar\x64\debug\texteditor.obj
c:\users\khaled\desktop\test\stellar\x64\debug\threads.obj
c:\users\khaled\desktop\test\stellar\x64\debug\triggerbot.obj
c:\users\khaled\desktop\test\stellar\x64\debug\vc143.idb
c:\users\khaled\desktop\test\stellar\x64\debug\vc143.pdb
c:\users\khaled\desktop\test\stellar\x64\debug\stellar.tlog\cl.command.1.tlog
